<?xml version="1.0" encoding="UTF-8"?>
<!-- Generated by org.testng.reporters.JUnitReportReporter -->
<testsuite name="com.sqa.anayak.google.GoogleTest" tests="1" time="5.018" ignored="0" failures="0" timestamp="19 May 2017 03:09:47 GMT" skipped="0" hostname="Girishs-Air" errors="0">
  <testcase name="googleTest" time="5.018" classname="com.sqa.anayak.google.GoogleTest"/>
</testsuite> <!-- com.sqa.anayak.google.GoogleTest -->
