<?xml version="1.0" encoding="UTF-8"?>
<!-- Generated by org.testng.reporters.JUnitReportReporter -->
<testsuite name="com.sqa.anayak.ws.WSTest" tests="2" time="0.110" ignored="2" failures="0" timestamp="25 May 2017 03:09:29 GMT" skipped="0" hostname="Girishs-Air" errors="0">
  <testcase name="writePropertiesTest" time="0.067" classname="com.sqa.anayak.ws.WSTest"/>
  <testcase name="readPropertiesTest" time="0.043" classname="com.sqa.anayak.ws.WSTest"/>
  <testcase name="testLogging" classname="com.sqa.anayak.ws.WSTest">
    <skipped/>
  </testcase> <!-- testLogging -->
  <testcase name="testItemPurchase" classname="com.sqa.anayak.ws.WSTest">
    <skipped/>
  </testcase> <!-- testItemPurchase -->
</testsuite> <!-- com.sqa.anayak.ws.WSTest -->
