<?xml version="1.0" encoding="UTF-8"?>
<!-- Generated by org.testng.reporters.JUnitReportReporter -->
<testsuite name="com.sqa.anayak.ws.ItemSearchTest" tests="6" time="0.145" ignored="0" failures="0" timestamp="27 May 2017 18:03:53 GMT" skipped="0" hostname="Girishs-Air" errors="0">
  <testcase name="itemSearch" time="0.064" classname="com.sqa.anayak.ws.ItemSearchTest"/>
  <testcase name="itemSearch" time="0.066" classname="com.sqa.anayak.ws.ItemSearchTest"/>
  <testcase name="itemSearch" time="0.005" classname="com.sqa.anayak.ws.ItemSearchTest"/>
  <testcase name="itemSearch" time="0.002" classname="com.sqa.anayak.ws.ItemSearchTest"/>
  <testcase name="itemSearch" time="0.006" classname="com.sqa.anayak.ws.ItemSearchTest"/>
  <testcase name="itemSearch" time="0.002" classname="com.sqa.anayak.ws.ItemSearchTest"/>
</testsuite> <!-- com.sqa.anayak.ws.ItemSearchTest -->
